<?xml version="1.0" encoding="UTF-8"?>
<!-- Generated by org.testng.reporters.JUnitReportReporter -->
<testsuite hostname="rchennub-lap1" failures="0" tests="1" name="com.http.qa.testcase.PutRestClientTest" time="7.053" errors="0" timestamp="31 May 2018 02:52:36 GMT" skipped="0">
  <testcase classname="com.http.qa.testcase.PutRestClientTest" name="putTest" time="7.053"/>
</testsuite> <!-- com.http.qa.testcase.PutRestClientTest -->
