<?xml version="1.0" encoding="UTF-8"?>
<!-- Generated by org.testng.reporters.JUnitReportReporter -->
<testsuite hostname="rchennub-lap1" failures="0" tests="1" name="com.http.qa.testcase.PostRestClientTest" time="2.310" errors="0" timestamp="31 May 2018 02:46:03 GMT" skipped="0">
  <testcase classname="com.http.qa.testcase.PostRestClientTest" name="postTest" time="2.310"/>
</testsuite> <!-- com.http.qa.testcase.PostRestClientTest -->
