<?xml version="1.0" encoding="UTF-8"?>
<!-- Generated by org.testng.reporters.JUnitReportReporter -->
<testsuite hostname="rchennub-lap1" failures="0" tests="1" name="com.http.qa.testcase.GetRestClientTest" time="2.082" errors="0" timestamp="30 May 2018 03:35:09 GMT" skipped="0">
  <testcase classname="com.http.qa.testcase.GetRestClientTest" name="getTest" time="2.082"/>
</testsuite> <!-- com.http.qa.testcase.GetRestClientTest -->
