<?xml version="1.0" encoding="UTF-8"?>
<!-- Generated by org.testng.reporters.JUnitReportReporter -->
<testsuite skipped="0" hostname="rchennub-lap1" name="com.http.qa.testcase.RestClientTest" tests="1" failures="0" timestamp="26 Feb 2018 03:04:58 GMT" time="2.153" errors="0">
  <testcase name="getTest" time="2.153" classname="com.http.qa.testcase.RestClientTest"/>
</testsuite> <!-- com.http.qa.testcase.RestClientTest -->
